<?xml version="1.0" encoding="UTF-8"?>
<testsuite xmlns:xsi="http://www.w3.org/2001/XMLSchema-instance" xsi:noNamespaceSchemaLocation="https://maven.apache.org/surefire/maven-surefire-plugin/xsd/surefire-test-report.xsd" name="com.p2pmessagingapp.AppTest" time="0.307" tests="1" errors="0" skipped="0" failures="0">
  <properties>
    <property name="java.specification.version" value="17"/>
    <property name="sun.jnu.encoding" value="UTF-8"/>
    <property name="java.class.path" value="/mnt/c/Users/gusta/OneDrive/Ambiente de Trabalho/Mestrado - FCUL/PSD/Project/p2p-messaging-app/target/test-classes:/mnt/c/Users/gusta/OneDrive/Ambiente de Trabalho/Mestrado - FCUL/PSD/Project/p2p-messaging-app/target/classes:/home/gustavo/.m2/repository/junit/junit/4.11/junit-4.11.jar:/home/gustavo/.m2/repository/org/hamcrest/hamcrest-core/1.3/hamcrest-core-1.3.jar:/home/gustavo/.m2/repository/javax/json/javax.json-api/1.1.4/javax.json-api-1.1.4.jar:/home/gustavo/.m2/repository/org/glassfish/javax.json/1.1.4/javax.json-1.1.4.jar:/home/gustavo/.m2/repository/javax/xml/bind/jaxb-api/2.3.1/jaxb-api-2.3.1.jar:/home/gustavo/.m2/repository/javax/activation/javax.activation-api/1.2.0/javax.activation-api-1.2.0.jar:"/>
    <property name="java.vm.vendor" value="Private Build"/>
    <property name="sun.arch.data.model" value="64"/>
    <property name="java.vendor.url" value="Unknown"/>
    <property name="os.name" value="Linux"/>
    <property name="java.vm.specification.version" value="17"/>
    <property name="sun.java.launcher" value="SUN_STANDARD"/>
    <property name="sun.boot.library.path" value="/usr/lib/jvm/java-17-openjdk-amd64/lib"/>
    <property name="sun.java.command" value="/mnt/c/Users/gusta/OneDrive/Ambiente de Trabalho/Mestrado - FCUL/PSD/Project/p2p-messaging-app/target/surefire/surefirebooter10859467979558873173.jar /mnt/c/Users/gusta/OneDrive/Ambiente de Trabalho/Mestrado - FCUL/PSD/Project/p2p-messaging-app/target/surefire 2024-10-12T19-15-08_046-jvmRun1 surefire12288603200205408072tmp surefire_03362435924496571822tmp"/>
    <property name="jdk.debug" value="release"/>
    <property name="surefire.test.class.path" value="/mnt/c/Users/gusta/OneDrive/Ambiente de Trabalho/Mestrado - FCUL/PSD/Project/p2p-messaging-app/target/test-classes:/mnt/c/Users/gusta/OneDrive/Ambiente de Trabalho/Mestrado - FCUL/PSD/Project/p2p-messaging-app/target/classes:/home/gustavo/.m2/repository/junit/junit/4.11/junit-4.11.jar:/home/gustavo/.m2/repository/org/hamcrest/hamcrest-core/1.3/hamcrest-core-1.3.jar:/home/gustavo/.m2/repository/javax/json/javax.json-api/1.1.4/javax.json-api-1.1.4.jar:/home/gustavo/.m2/repository/org/glassfish/javax.json/1.1.4/javax.json-1.1.4.jar:/home/gustavo/.m2/repository/javax/xml/bind/jaxb-api/2.3.1/jaxb-api-2.3.1.jar:/home/gustavo/.m2/repository/javax/activation/javax.activation-api/1.2.0/javax.activation-api-1.2.0.jar:"/>
    <property name="sun.cpu.endian" value="little"/>
    <property name="user.home" value="/home/gustavo"/>
    <property name="user.language" value="en"/>
    <property name="java.specification.vendor" value="Oracle Corporation"/>
    <property name="java.version.date" value="2024-01-16"/>
    <property name="java.home" value="/usr/lib/jvm/java-17-openjdk-amd64"/>
    <property name="file.separator" value="/"/>
    <property name="basedir" value="/mnt/c/Users/gusta/OneDrive/Ambiente de Trabalho/Mestrado - FCUL/PSD/Project/p2p-messaging-app"/>
    <property name="java.vm.compressedOopsMode" value="32-bit"/>
    <property name="line.separator" value="&#10;"/>
    <property name="java.vm.specification.vendor" value="Oracle Corporation"/>
    <property name="java.specification.name" value="Java Platform API Specification"/>
    <property name="surefire.real.class.path" value="/mnt/c/Users/gusta/OneDrive/Ambiente de Trabalho/Mestrado - FCUL/PSD/Project/p2p-messaging-app/target/surefire/surefirebooter10859467979558873173.jar"/>
    <property name="sun.management.compiler" value="HotSpot 64-Bit Tiered Compilers"/>
    <property name="java.runtime.version" value="17.0.10+7-Ubuntu-122.04.1"/>
    <property name="user.name" value="gustavo"/>
    <property name="path.separator" value=":"/>
    <property name="os.version" value="5.15.153.1-microsoft-standard-WSL2"/>
    <property name="java.runtime.name" value="OpenJDK Runtime Environment"/>
    <property name="file.encoding" value="UTF-8"/>
    <property name="java.vm.name" value="OpenJDK 64-Bit Server VM"/>
    <property name="localRepository" value="/home/gustavo/.m2/repository"/>
    <property name="java.vendor.url.bug" value="Unknown"/>
    <property name="java.io.tmpdir" value="/tmp"/>
    <property name="java.version" value="17.0.10"/>
    <property name="user.dir" value="/mnt/c/Users/gusta/OneDrive/Ambiente de Trabalho/Mestrado - FCUL/PSD/Project/p2p-messaging-app"/>
    <property name="os.arch" value="amd64"/>
    <property name="java.vm.specification.name" value="Java Virtual Machine Specification"/>
    <property name="native.encoding" value="UTF-8"/>
    <property name="java.library.path" value="/usr/java/packages/lib:/usr/lib/x86_64-linux-gnu/jni:/lib/x86_64-linux-gnu:/usr/lib/x86_64-linux-gnu:/usr/lib/jni:/lib:/usr/lib"/>
    <property name="java.vm.info" value="mixed mode, sharing"/>
    <property name="java.vendor" value="Private Build"/>
    <property name="java.vm.version" value="17.0.10+7-Ubuntu-122.04.1"/>
    <property name="sun.io.unicode.encoding" value="UnicodeLittle"/>
    <property name="java.class.version" value="61.0"/>
  </properties>
  <testcase name="shouldAnswerWithTrue" classname="com.p2pmessagingapp.AppTest" time="0.01"/>
</testsuite>